<?xml version="1.0" encoding="UTF-8"?>
<!-- Generated by org.testng.reporters.JUnitXMLReporter -->
<testsuite ignored="3" hostname="DESKTOP-E0D86RI" failures="0" tests="1" name="Default test" time="3.231" errors="0" timestamp="2025-05-24T22:30:53 IST">
  <testcase classname="APITestingRestAssured.SampleRunAPI" name="testHeadMethod" time="3.156"/>
  <testcase classname="APITestingRestAssured.SampleRunAPI" name="testGetMethod" time="0.0">
    <ignored/>
  </testcase> <!-- testGetMethod -->
  <testcase classname="APITestingRestAssured.SampleRunAPI" name="testPostMethodWithBody" time="0.0">
    <ignored/>
  </testcase> <!-- testPostMethodWithBody -->
  <testcase classname="APITestingRestAssured.SampleRunAPI" name="testSuccesscode" time="0.0">
    <ignored/>
  </testcase> <!-- testSuccesscode -->
</testsuite> <!-- Default test -->
