<?xml version="1.0" encoding="UTF-8"?>
<!-- Generated by org.testng.reporters.JUnitXMLReporter -->
<testsuite ignored="0" hostname="DESKTOP-E0D86RI" failures="1" tests="4" name="Test_Example" time="0.605" errors="0" timestamp="2025-04-20T00:09:26 IST">
  <testcase classname="Testlearn.Testacases" name="test1" time="0.04">
    <failure type="java.lang.NullPointerException" message="Cannot invoke &amp;quot;org.openqa.selenium.TakesScreenshot.getScreenshotAs(org.openqa.selenium.OutputType)&amp;quot; because &amp;quot;SCST&amp;quot; is null">
      <![CDATA[java.lang.NullPointerException: Cannot invoke "org.openqa.selenium.TakesScreenshot.getScreenshotAs(org.openqa.selenium.OutputType)" because "SCST" is null
at Utiliies.CaptureScreenshot.CaptureScreenshotapp(CaptureScreenshot.java:20)
at Utiliies.Extenreport.addsteps(Extenreport.java:34)
at Testlearn.Testacases.test1(Testacases.java:20)
at java.base/java.util.ArrayList.forEach(ArrayList.java:1596)
... Removed 25 stack frames]]>
    </failure>
  </testcase> <!-- test1 -->
  <testcase classname="Testlearn.Testacases" name="test2" time="0.004"/>
  <testcase classname="Testlearn.Testacases" name="test3" time="0.003"/>
  <testcase classname="Testlearn.Testacases" name="test4" time="0.007"/>
</testsuite> <!-- Test_Example -->
