<?xml version="1.0" encoding="UTF-8"?>
<!-- Generated by org.testng.reporters.JUnitXMLReporter -->
<testsuite ignored="0" hostname="DESKTOP-E0D86RI" failures="0" tests="3" name="Test2" time="0.194" errors="0" timestamp="2025-05-24T17:05:23 IST">
  <testcase classname="ParallelExecutiontionPractice.LoginUser" name="loginrWithInValidCredentials" time="0.03"/>
  <testcase classname="ParallelExecutiontionPractice.LoginUser" name="loginWithInValidEmail" time="0.008"/>
  <testcase classname="ParallelExecutiontionPractice.LoginUser" name="loginWithValidCredentials" time="0.036"/>
</testsuite> <!-- Test2 -->
