<?xml version="1.0" encoding="UTF-8"?>
<!-- Generated by org.testng.reporters.JUnitXMLReporter -->
<testsuite ignored="0" hostname="DESKTOP-E0D86RI" failures="0" tests="10" name="Tests" time="0.19" errors="0" timestamp="2025-05-24T12:12:19 IST">
  <testcase classname="Testlearn.GroupDepMethodPractice" name="depGrpMethod3" time="0.015"/>
  <testcase classname="Testlearn.GroupDepMethodPractice" name="depGrpMethod4" time="0.003"/>
  <testcase classname="Testlearn.GroupDepMethodPractice" name="depGrpMethod1" time="0.003"/>
  <testcase classname="Testlearn.GroupDepMethodPractice" name="depOnOthrMethodIgnoren" time="0.004"/>
  <testcase classname="Testlearn.GroupDepMethodPractice" name="depGrpMethod2" time="0.005"/>
  <testcase classname="Testlearn.GroupDepMethodPractice" name="depGrpMethodOnOthr" time="0.004"/>
  <testcase classname="Testlearn.GroupDepMethodPractice" name="depGrpOnOthrGrp" time="0.003"/>
  <testcase classname="Testlearn.GroupDepMethodPractice" name="depGrpOnOthrGrp1" time="0.003"/>
  <testcase classname="Testlearn.GroupDepMethodPractice" name="depGrpOnOthrGrp2" time="0.002"/>
  <testcase classname="Testlearn.GroupDepMethodPractice" name="depOnOthrMethodAlwaysRun" time="0.003"/>
</testsuite> <!-- Tests -->
