<?xml version="1.0" encoding="UTF-8"?>
<!-- Generated by org.testng.reporters.JUnitXMLReporter -->
<testsuite ignored="0" hostname="DESKTOP-E0D86RI" failures="0" tests="10" name="Test" time="0.225" errors="0" timestamp="2025-05-24T17:06:43 IST">
  <testcase classname="ParallelExecutiontionPractice.LoginUser" name="loginrWithInValidCredentials" time="0.022"/>
  <testcase classname="ParallelExecutiontionPractice.RegisterUser" name="registerWithInValidCredentials" time="0.024"/>
  <testcase classname="ParallelExecutiontionPractice.SearchInWebsite" name="searchOne" time="0.023"/>
  <testcase classname="ParallelExecutiontionPractice.RegisterUser" name="registerWithInValidEmail" time="0.018"/>
  <testcase classname="ParallelExecutiontionPractice.LogoutUser" name="logOutUser" time="0.022"/>
  <testcase classname="ParallelExecutiontionPractice.RegisterUser" name="registerWithValidCredentials" time="0.021"/>
  <testcase classname="ParallelExecutiontionPractice.SearchInWebsite" name="searchTwo" time="0.005"/>
  <testcase classname="ParallelExecutiontionPractice.LoginUser" name="loginWithInValidEmail" time="0.034"/>
  <testcase classname="ParallelExecutiontionPractice.LoginUser" name="loginWithValidCredentials" time="0.006"/>
  <testcase classname="ParallelExecutiontionPractice.SearchInWebsite" name="searchThree" time="0.018"/>
</testsuite> <!-- Test -->
