<?xml version="1.0" encoding="UTF-8"?>
<!-- Generated by org.testng.reporters.JUnitXMLReporter -->
<testsuite ignored="0" hostname="DESKTOP-E0D86RI" failures="0" tests="3" name="Test3" time="0.232" errors="0" timestamp="2025-05-24T17:05:23 IST">
  <testcase classname="ParallelExecutiontionPractice.RegisterUser" name="registerWithInValidCredentials" time="0.032"/>
  <testcase classname="ParallelExecutiontionPractice.RegisterUser" name="registerWithInValidEmail" time="0.003"/>
  <testcase classname="ParallelExecutiontionPractice.RegisterUser" name="registerWithValidCredentials" time="0.004"/>
</testsuite> <!-- Test3 -->
