<?xml version="1.0" encoding="UTF-8"?>
<!-- Generated by org.testng.reporters.JUnitXMLReporter -->
<testsuite ignored="0" hostname="DESKTOP-E0D86RI" failures="0" tests="3" name="Test1" time="0.246" errors="0" timestamp="2025-05-24T17:05:23 IST">
  <testcase classname="ParallelExecutiontionPractice.SearchInWebsite" name="searchOne" time="0.031"/>
  <testcase classname="ParallelExecutiontionPractice.SearchInWebsite" name="searchTwo" time="0.009"/>
  <testcase classname="ParallelExecutiontionPractice.SearchInWebsite" name="searchThree" time="0.068"/>
</testsuite> <!-- Test1 -->
