<?xml version="1.0" encoding="UTF-8"?>
<testsuite xmlns:xsi="http://www.w3.org/2001/XMLSchema-instance" xsi:noNamespaceSchemaLocation="https://maven.apache.org/surefire/maven-surefire-plugin/xsd/surefire-test-report-3.0.xsd" version="3.0" name="Testlearn.Testdatafrmexceldata" time="22.51" tests="3" errors="0" skipped="0" failures="0">
  <properties>
[...]
</properties>
  <testcase name="login[Admin, admin123](1)" classname="Testlearn.Testdatafrmexceldata" time="7.899">
    <system-out><![CDATA[2025-04-19T13:14:41.739684100Z main ERROR Log4j API could not find a logging provider.
Admin
admin123
test
test123
spin
spin123
]]></system-out>
    <system-err><![CDATA[SLF4J(W): No SLF4J providers were found.
SLF4J(W): Defaulting to no-operation (NOP) logger implementation
SLF4J(W): See https://www.slf4j.org/codes.html#noProviders for further details.
]]></system-err>
  </testcase>
  <testcase name="login[test, test123](2)" classname="Testlearn.Testdatafrmexceldata" time="5.967"/>
  <testcase name="login[spin, spin123](3)" classname="Testlearn.Testdatafrmexceldata" time="6.749"/>
</testsuite>