<?xml version="1.0" encoding="UTF-8"?>
<testng-results ignored="3" total="4" passed="1" failed="0" skipped="0">
  <reporter-output>
  </reporter-output>
  <suite started-at="2025-05-24T22:30:50 IST" name="Default suite" finished-at="2025-05-24T22:30:53 IST" duration-ms="3231">
    <groups>
    </groups>
    <test started-at="2025-05-24T22:30:50 IST" name="Default test" finished-at="2025-05-24T22:30:53 IST" duration-ms="3231">
      <class name="APITestingRestAssured.SampleRunAPI">
        <test-method signature="testHeadMethod()[pri:4, instance:APITestingRestAssured.SampleRunAPI@3af9c5b7]" started-at="2025-05-24T22:30:50 IST" name="testHeadMethod" finished-at="2025-05-24T22:30:53 IST" duration-ms="3156" status="PASS">
          <reporter-output>
          </reporter-output>
        </test-method> <!-- testHeadMethod -->
      </class> <!-- APITestingRestAssured.SampleRunAPI -->
    </test> <!-- Default test -->
  </suite> <!-- Default suite -->
</testng-results>
