<?xml version="1.0" encoding="UTF-8"?>
<testng-results ignored="0" total="1" passed="1" failed="0" skipped="0">
  <reporter-output>
  </reporter-output>
  <suite started-at="2025-05-18T15:56:10 IST" name="Suite" finished-at="2025-05-18T15:56:24 IST" duration-ms="14325">
    <groups>
    </groups>
    <test started-at="2025-05-18T15:56:10 IST" name="Test" finished-at="2025-05-18T15:56:24 IST" duration-ms="14325">
      <class name="Testlearn.FileUploadTestLearn">
        <test-method is-config="true" signature="brwoserinvoke()[pri:0, instance:Testlearn.FileUploadTestLearn@76ed1b7c]" started-at="2025-05-18T15:56:10 IST" name="brwoserinvoke" finished-at="2025-05-18T15:56:18 IST" duration-ms="8162" status="PASS">
          <reporter-output>
          </reporter-output>
        </test-method> <!-- brwoserinvoke -->
        <test-method signature="UpploadFile()[pri:0, instance:Testlearn.FileUploadTestLearn@76ed1b7c]" started-at="2025-05-18T15:56:18 IST" name="UpploadFile" finished-at="2025-05-18T15:56:24 IST" duration-ms="5746" status="PASS">
          <reporter-output>
          </reporter-output>
        </test-method> <!-- UpploadFile -->
        <test-method is-config="true" signature="brwoserquit()[pri:0, instance:Testlearn.FileUploadTestLearn@76ed1b7c]" started-at="2025-05-18T15:56:24 IST" name="brwoserquit" finished-at="2025-05-18T15:56:24 IST" duration-ms="288" status="PASS">
          <reporter-output>
          </reporter-output>
        </test-method> <!-- brwoserquit -->
      </class> <!-- Testlearn.FileUploadTestLearn -->
    </test> <!-- Test -->
  </suite> <!-- Suite -->
</testng-results>
